# JRE version: OpenJDK Runtime Environment Microsoft-12574423 (17.0.17+10) (build 17.0.17+10-LTS)
# Java VM: OpenJDK 64-Bit Server VM Microsoft-12574423 (17.0.17+10-LTS, mixed mode, emulated-client, sharing, tiered, compressed oops, compressed class ptrs, g1 gc, windows-amd64)
GC Precious Log:
 CPUs: 2 total, 2 available
 Memory: 3460M
 Large Page Support: Disabled
 NUMA Support: Disabled
 Compressed Oops: Enabled (32-bit)
 Heap Region Size: 1M
 Heap Min Capacity: 8M
 Heap Initial Capacity: 56M
 Heap Max Capacity: 866M
 Pre-touch: Disabled
 Parallel Workers: 2
 Concurrent Workers: 1
 Concurrent Refinement Workers: 2
 Periodic GC: Disabled
Heap:
 garbage-first heap   total 63488K, used 34831K [0x00000000c9e00000, 0x0000000100000000)
  region size 1024K, 1 young (1024K), 1 survivors (1024K)
 Metaspace       used 40067K, committed 40512K, reserved 1114112K
  class space    used 5752K, committed 5952K, reserved 1048576K
GC Heap History (20 events):
Event: 21.150 GC heap after
{Heap after GC invocations=13 (full 0):
 garbage-first heap   total 57344K, used 25141K [0x00000000c9e00000, 0x0000000100000000)
  region size 1024K, 2 young (2048K), 2 survivors (2048K)
 Metaspace       used 26507K, committed 26944K, reserved 1114112K
  class space    used 3689K, committed 3904K, reserved 1048576K
}
Event: 23.065 GC heap before
{Heap before GC invocations=13 (full 0):
 garbage-first heap   total 57344K, used 43573K [0x00000000c9e00000, 0x0000000100000000)
  region size 1024K, 20 young (20480K), 2 survivors (2048K)
 Metaspace       used 28914K, committed 29312K, reserved 1114112K
  class space    used 4143K, committed 4352K, reserved 1048576K
}
Event: 23.074 GC heap after
{Heap after GC invocations=14 (full 0):
 garbage-first heap   total 57344K, used 25817K [0x00000000c9e00000, 0x0000000100000000)
  region size 1024K, 2 young (2048K), 2 survivors (2048K)
 Metaspace       used 28914K, committed 29312K, reserved 1114112K
  class space    used 4143K, committed 4352K, reserved 1048576K
}
Event: 24.238 GC heap before
{Heap before GC invocations=14 (full 0):
 garbage-first heap   total 57344K, used 44249K [0x00000000c9e00000, 0x0000000100000000)
  region size 1024K, 20 young (20480K), 2 survivors (2048K)
 Metaspace       used 30502K, committed 30976K, reserved 1114112K
  class space    used 4409K, committed 4608K, reserved 1048576K
}
Event: 24.250 GC heap after
{Heap after GC invocations=15 (full 0):
 garbage-first heap   total 57344K, used 27234K [0x00000000c9e00000, 0x0000000100000000)
  region size 1024K, 3 young (3072K), 3 survivors (3072K)
 Metaspace       used 30502K, committed 30976K, reserved 1114112K
  class space    used 4409K, committed 4608K, reserved 1048576K
}
Event: 25.242 GC heap before
{Heap before GC invocations=15 (full 0):
 garbage-first heap   total 57344K, used 44642K [0x00000000c9e00000, 0x0000000100000000)
  region size 1024K, 20 young (20480K), 3 survivors (3072K)
 Metaspace       used 33698K, committed 34176K, reserved 1114112K
  class space    used 4877K, committed 5120K, reserved 1048576K
}
Event: 25.253 GC heap after
{Heap after GC invocations=16 (full 0):
 garbage-first heap   total 57344K, used 28835K [0x00000000c9e00000, 0x0000000100000000)
  region size 1024K, 2 young (2048K), 2 survivors (2048K)
 Metaspace       used 33698K, committed 34176K, reserved 1114112K
  class space    used 4877K, committed 5120K, reserved 1048576K
}
Event: 25.828 GC heap before
{Heap before GC invocations=16 (full 0):
 garbage-first heap   total 57344K, used 37027K [0x00000000c9e00000, 0x0000000100000000)
  region size 1024K, 11 young (11264K), 2 survivors (2048K)
 Metaspace       used 35054K, committed 35456K, reserved 1114112K
  class space    used 5007K, committed 5184K, reserved 1048576K
}
Event: 25.834 GC heap after
{Heap after GC invocations=17 (full 0):
 garbage-first heap   total 57344K, used 30168K [0x00000000c9e00000, 0x0000000100000000)
  region size 1024K, 3 young (3072K), 3 survivors (3072K)
 Metaspace       used 35054K, committed 35456K, reserved 1114112K
  class space    used 5007K, committed 5184K, reserved 1048576K
}
Event: 26.045 GC heap before
{Heap before GC invocations=18 (full 0):
 garbage-first heap   total 63488K, used 50648K [0x00000000c9e00000, 0x0000000100000000)
  region size 1024K, 18 young (18432K), 3 survivors (3072K)
 Metaspace       used 35062K, committed 35456K, reserved 1114112K
  class space    used 5009K, committed 5184K, reserved 1048576K
}
Event: 26.058 GC heap after
{Heap after GC invocations=19 (full 0):
 garbage-first heap   total 63488K, used 33342K [0x00000000c9e00000, 0x0000000100000000)
  region size 1024K, 3 young (3072K), 3 survivors (3072K)
 Metaspace       used 35062K, committed 35456K, reserved 1114112K
  class space    used 5009K, committed 5184K, reserved 1048576K
}
Event: 26.068 GC heap before
{Heap before GC invocations=19 (full 0):
 garbage-first heap   total 63488K, used 34366K [0x00000000c9e00000, 0x0000000100000000)
  region size 1024K, 4 young (4096K), 3 survivors (3072K)
 Metaspace       used 35062K, committed 35456K, reserved 1114112K
  class space    used 5009K, committed 5184K, reserved 1048576K
}
Event: 26.074 GC heap after
{Heap after GC invocations=20 (full 0):
 garbage-first heap   total 63488K, used 33878K [0x00000000c9e00000, 0x0000000100000000)
  region size 1024K, 1 young (1024K), 1 survivors (1024K)
 Metaspace       used 35062K, committed 35456K, reserved 1114112K
  class space    used 5009K, committed 5184K, reserved 1048576K
}
Event: 26.799 GC heap before
{Heap before GC invocations=20 (full 0):
 garbage-first heap   total 63488K, used 38998K [0x00000000c9e00000, 0x0000000100000000)
  region size 1024K, 7 young (7168K), 1 survivors (1024K)
 Metaspace       used 35227K, committed 35648K, reserved 1114112K
  class space    used 5031K, committed 5248K, reserved 1048576K
}
Event: 26.803 GC heap after
{Heap after GC invocations=21 (full 0):
 garbage-first heap   total 63488K, used 35372K [0x00000000c9e00000, 0x0000000100000000)
  region size 1024K, 2 young (2048K), 2 survivors (2048K)
 Metaspace       used 35227K, committed 35648K, reserved 1114112K
  class space    used 5031K, committed 5248K, reserved 1048576K
}
Event: 32.859 GC heap before
{Heap before GC invocations=22 (full 0):
 garbage-first heap   total 63488K, used 47660K [0x00000000c9e00000, 0x0000000100000000)
  region size 1024K, 13 young (13312K), 2 survivors (2048K)
 Metaspace       used 36617K, committed 37120K, reserved 1114112K
  class space    used 5255K, committed 5440K, reserved 1048576K
}
Event: 32.866 GC heap after
{Heap after GC invocations=23 (full 0):
 garbage-first heap   total 63488K, used 34605K [0x00000000c9e00000, 0x0000000100000000)
  region size 1024K, 1 young (1024K), 1 survivors (1024K)
 Metaspace       used 36617K, committed 37120K, reserved 1114112K
  class space    used 5255K, committed 5440K, reserved 1048576K
}
Event: 33.249 GC heap before
{Heap before GC invocations=23 (full 0):
 garbage-first heap   total 63488K, used 35629K [0x00000000c9e00000, 0x0000000100000000)
  region size 1024K, 3 young (3072K), 1 survivors (1024K)
 Metaspace       used 37312K, committed 37760K, reserved 1114112K
  class space    used 5314K, committed 5504K, reserved 1048576K
}
Event: 33.255 GC heap after
{Heap after GC invocations=24 (full 0):
 garbage-first heap   total 63488K, used 34361K [0x00000000c9e00000, 0x0000000100000000)
  region size 1024K, 1 young (1024K), 1 survivors (1024K)
 Metaspace       used 37312K, committed 37760K, reserved 1114112K
  class space    used 5314K, committed 5504K, reserved 1048576K
}
Event: 37.145 GC heap before
{Heap before GC invocations=24 (full 0):
 garbage-first heap   total 63488K, used 46649K [0x00000000c9e00000, 0x0000000100000000)
  region size 1024K, 13 young (13312K), 1 survivors (1024K)
 Metaspace       used 40067K, committed 40512K, reserved 1114112K
  class space    used 5752K, committed 5952K, reserved 1048576K
}

