# JRE version: OpenJDK Runtime Environment Microsoft-12574423 (17.0.17+10) (build 17.0.17+10-LTS)
# Java VM: OpenJDK 64-Bit Server VM Microsoft-12574423 (17.0.17+10-LTS, mixed mode, emulated-client, sharing, tiered, compressed oops, compressed class ptrs, g1 gc, windows-amd64)
GC Precious Log:
 CPUs: 2 total, 2 available
 Memory: 3460M
 Large Page Support: Disabled
 NUMA Support: Disabled
 Compressed Oops: Enabled (32-bit)
 Heap Region Size: 1M
 Heap Min Capacity: 8M
 Heap Initial Capacity: 56M
 Heap Max Capacity: 866M
 Pre-touch: Disabled
 Parallel Workers: 2
 Concurrent Workers: 1
 Concurrent Refinement Workers: 2
 Periodic GC: Disabled
Heap:
 garbage-first heap   total 83968K, used 49097K [0x00000000c9e00000, 0x0000000100000000)
  region size 1024K, 2 young (2048K), 2 survivors (2048K)
 Metaspace       used 80767K, committed 81408K, reserved 1179648K
  class space    used 11784K, committed 12096K, reserved 1048576K
GC Heap History (20 events):
Event: 18.601 GC heap after
{Heap after GC invocations=29 (full 0):
 garbage-first heap   total 69632K, used 38912K [0x00000000c9e00000, 0x0000000100000000)
  region size 1024K, 2 young (2048K), 2 survivors (2048K)
 Metaspace       used 58997K, committed 59584K, reserved 1114112K
  class space    used 8444K, committed 8704K, reserved 1048576K
}
Event: 19.346 GC heap before
{Heap before GC invocations=29 (full 0):
 garbage-first heap   total 69632K, used 57344K [0x00000000c9e00000, 0x0000000100000000)
  region size 1024K, 21 young (21504K), 2 survivors (2048K)
 Metaspace       used 64306K, committed 64832K, reserved 1114112K
  class space    used 9252K, committed 9472K, reserved 1048576K
}
Event: 19.354 GC heap after
{Heap after GC invocations=30 (full 0):
 garbage-first heap   total 83968K, used 40056K [0x00000000c9e00000, 0x0000000100000000)
  region size 1024K, 3 young (3072K), 3 survivors (3072K)
 Metaspace       used 64306K, committed 64832K, reserved 1114112K
  class space    used 9252K, committed 9472K, reserved 1048576K
}
Event: 20.871 GC heap before
{Heap before GC invocations=31 (full 0):
 garbage-first heap   total 83968K, used 68728K [0x00000000c9e00000, 0x0000000100000000)
  region size 1024K, 31 young (31744K), 3 survivors (3072K)
 Metaspace       used 69819K, committed 70400K, reserved 1114112K
  class space    used 10161K, committed 10432K, reserved 1048576K
}
Event: 20.881 GC heap after
{Heap after GC invocations=32 (full 0):
 garbage-first heap   total 83968K, used 41734K [0x00000000c9e00000, 0x0000000100000000)
  region size 1024K, 3 young (3072K), 3 survivors (3072K)
 Metaspace       used 69819K, committed 70400K, reserved 1114112K
  class space    used 10161K, committed 10432K, reserved 1048576K
}
Event: 20.890 GC heap before
{Heap before GC invocations=32 (full 0):
 garbage-first heap   total 83968K, used 42758K [0x00000000c9e00000, 0x0000000100000000)
  region size 1024K, 4 young (4096K), 3 survivors (3072K)
 Metaspace       used 69819K, committed 70400K, reserved 1114112K
  class space    used 10161K, committed 10432K, reserved 1048576K
}
Event: 20.899 GC heap after
{Heap after GC invocations=33 (full 0):
 garbage-first heap   total 83968K, used 41820K [0x00000000c9e00000, 0x0000000100000000)
  region size 1024K, 1 young (1024K), 1 survivors (1024K)
 Metaspace       used 69819K, committed 70400K, reserved 1114112K
  class space    used 10161K, committed 10432K, reserved 1048576K
}
Event: 21.796 GC heap before
{Heap before GC invocations=33 (full 0):
 garbage-first heap   total 83968K, used 68444K [0x00000000c9e00000, 0x0000000100000000)
  region size 1024K, 27 young (27648K), 1 survivors (1024K)
 Metaspace       used 73505K, committed 74112K, reserved 1114112K
  class space    used 10695K, committed 11008K, reserved 1048576K
}
Event: 21.809 GC heap after
{Heap after GC invocations=34 (full 0):
 garbage-first heap   total 83968K, used 43338K [0x00000000c9e00000, 0x0000000100000000)
  region size 1024K, 2 young (2048K), 2 survivors (2048K)
 Metaspace       used 73505K, committed 74112K, reserved 1114112K
  class space    used 10695K, committed 11008K, reserved 1048576K
}
Event: 23.014 GC heap before
{Heap before GC invocations=35 (full 0):
 garbage-first heap   total 83968K, used 68938K [0x00000000c9e00000, 0x0000000100000000)
  region size 1024K, 27 young (27648K), 2 survivors (2048K)
 Metaspace       used 75048K, committed 75648K, reserved 1114112K
  class space    used 10949K, committed 11264K, reserved 1048576K
}
Event: 23.024 GC heap after
{Heap after GC invocations=36 (full 0):
 garbage-first heap   total 83968K, used 45218K [0x00000000c9e00000, 0x0000000100000000)
  region size 1024K, 4 young (4096K), 4 survivors (4096K)
 Metaspace       used 75048K, committed 75648K, reserved 1114112K
  class space    used 10949K, committed 11264K, reserved 1048576K
}
Event: 23.046 GC heap before
{Heap before GC invocations=36 (full 0):
 garbage-first heap   total 83968K, used 46242K [0x00000000c9e00000, 0x0000000100000000)
  region size 1024K, 5 young (5120K), 4 survivors (4096K)
 Metaspace       used 75145K, committed 75712K, reserved 1114112K
  class space    used 10966K, committed 11264K, reserved 1048576K
}
Event: 23.056 GC heap after
{Heap after GC invocations=37 (full 0):
 garbage-first heap   total 83968K, used 45163K [0x00000000c9e00000, 0x0000000100000000)
  region size 1024K, 1 young (1024K), 1 survivors (1024K)
 Metaspace       used 75145K, committed 75712K, reserved 1114112K
  class space    used 10966K, committed 11264K, reserved 1048576K
}
Event: 23.528 GC heap before
{Heap before GC invocations=37 (full 0):
 garbage-first heap   total 83968K, used 68715K [0x00000000c9e00000, 0x0000000100000000)
  region size 1024K, 24 young (24576K), 1 survivors (1024K)
 Metaspace       used 77079K, committed 77696K, reserved 1179648K
  class space    used 11230K, committed 11520K, reserved 1048576K
}
Event: 23.534 GC heap after
{Heap after GC invocations=38 (full 0):
 garbage-first heap   total 83968K, used 46341K [0x00000000c9e00000, 0x0000000100000000)
  region size 1024K, 2 young (2048K), 2 survivors (2048K)
 Metaspace       used 77079K, committed 77696K, reserved 1179648K
  class space    used 11230K, committed 11520K, reserved 1048576K
}
Event: 24.042 GC heap before
{Heap before GC invocations=39 (full 0):
 garbage-first heap   total 83968K, used 68869K [0x00000000c9e00000, 0x0000000100000000)
  region size 1024K, 24 young (24576K), 2 survivors (2048K)
 Metaspace       used 78878K, committed 79552K, reserved 1179648K
  class space    used 11499K, committed 11840K, reserved 1048576K
}
Event: 24.052 GC heap after
{Heap after GC invocations=40 (full 0):
 garbage-first heap   total 83968K, used 48225K [0x00000000c9e00000, 0x0000000100000000)
  region size 1024K, 2 young (2048K), 2 survivors (2048K)
 Metaspace       used 78878K, committed 79552K, reserved 1179648K
  class space    used 11499K, committed 11840K, reserved 1048576K
}
Event: 24.095 GC heap before
{Heap before GC invocations=40 (full 0):
 garbage-first heap   total 83968K, used 50273K [0x00000000c9e00000, 0x0000000100000000)
  region size 1024K, 4 young (4096K), 2 survivors (2048K)
 Metaspace       used 79011K, committed 79680K, reserved 1179648K
  class space    used 11526K, committed 11840K, reserved 1048576K
}
Event: 24.105 GC heap after
{Heap after GC invocations=41 (full 0):
 garbage-first heap   total 83968K, used 48015K [0x00000000c9e00000, 0x0000000100000000)
  region size 1024K, 1 young (1024K), 1 survivors (1024K)
 Metaspace       used 79011K, committed 79680K, reserved 1179648K
  class space    used 11526K, committed 11840K, reserved 1048576K
}
Event: 24.538 GC heap before
{Heap before GC invocations=41 (full 0):
 garbage-first heap   total 83968K, used 68495K [0x00000000c9e00000, 0x0000000100000000)
  region size 1024K, 21 young (21504K), 1 survivors (1024K)
 Metaspace       used 80767K, committed 81408K, reserved 1179648K
  class space    used 11784K, committed 12096K, reserved 1048576K
}

