# JRE version: OpenJDK Runtime Environment Microsoft-12574423 (17.0.17+10) (build 17.0.17+10-LTS)
# Java VM: OpenJDK 64-Bit Server VM Microsoft-12574423 (17.0.17+10-LTS, mixed mode, emulated-client, sharing, tiered, compressed oops, compressed class ptrs, g1 gc, windows-amd64)
GC Precious Log:
 CPUs: 2 total, 2 available
 Memory: 3460M
 Large Page Support: Disabled
 NUMA Support: Disabled
 Compressed Oops: Enabled (32-bit)
 Heap Region Size: 1M
 Heap Min Capacity: 8M
 Heap Initial Capacity: 56M
 Heap Max Capacity: 866M
 Pre-touch: Disabled
 Parallel Workers: 2
 Concurrent Workers: 1
 Concurrent Refinement Workers: 2
 Periodic GC: Disabled
Heap:
 garbage-first heap   total 122880K, used 65176K [0x00000000c9e00000, 0x0000000100000000)
  region size 1024K, 22 young (22528K), 4 survivors (4096K)
 Metaspace       used 90709K, committed 91840K, reserved 1179648K
  class space    used 12734K, committed 13248K, reserved 1048576K
GC Heap History (20 events):
Event: 41138.517 GC heap before
{Heap before GC invocations=122 (full 24):
 garbage-first heap   total 122880K, used 100279K [0x00000000c9e00000, 0x0000000100000000)
  region size 1024K, 59 young (60416K), 0 survivors (0K)
 Metaspace       used 89973K, committed 91008K, reserved 1179648K
  class space    used 12634K, committed 13120K, reserved 1048576K
}
Event: 41138.545 GC heap after
{Heap after GC invocations=123 (full 24):
 garbage-first heap   total 122880K, used 44861K [0x00000000c9e00000, 0x0000000100000000)
  region size 1024K, 5 young (5120K), 5 survivors (5120K)
 Metaspace       used 89973K, committed 91008K, reserved 1179648K
  class space    used 12634K, committed 13120K, reserved 1048576K
}
Event: 41183.560 GC heap before
{Heap before GC invocations=123 (full 24):
 garbage-first heap   total 122880K, used 100157K [0x00000000c9e00000, 0x0000000100000000)
  region size 1024K, 59 young (60416K), 5 survivors (5120K)
 Metaspace       used 90118K, committed 91136K, reserved 1179648K
  class space    used 12654K, committed 13120K, reserved 1048576K
}
Event: 41183.626 GC heap after
{Heap after GC invocations=124 (full 24):
 garbage-first heap   total 122880K, used 47060K [0x00000000c9e00000, 0x0000000100000000)
  region size 1024K, 4 young (4096K), 4 survivors (4096K)
 Metaspace       used 90118K, committed 91136K, reserved 1179648K
  class space    used 12654K, committed 13120K, reserved 1048576K
}
Event: 41211.060 GC heap before
{Heap before GC invocations=124 (full 24):
 garbage-first heap   total 122880K, used 99284K [0x00000000c9e00000, 0x0000000100000000)
  region size 1024K, 54 young (55296K), 4 survivors (4096K)
 Metaspace       used 90217K, committed 91328K, reserved 1179648K
  class space    used 12666K, committed 13184K, reserved 1048576K
}
Event: 41211.098 GC heap after
{Heap after GC invocations=125 (full 24):
 garbage-first heap   total 122880K, used 46432K [0x00000000c9e00000, 0x0000000100000000)
  region size 1024K, 3 young (3072K), 3 survivors (3072K)
 Metaspace       used 90217K, committed 91328K, reserved 1179648K
  class space    used 12666K, committed 13184K, reserved 1048576K
}
Event: 41266.544 GC heap before
{Heap before GC invocations=125 (full 24):
 garbage-first heap   total 122880K, used 99680K [0x00000000c9e00000, 0x0000000100000000)
  region size 1024K, 55 young (56320K), 3 survivors (3072K)
 Metaspace       used 90315K, committed 91392K, reserved 1179648K
  class space    used 12678K, committed 13184K, reserved 1048576K
}
Event: 41266.897 GC heap after
{Heap after GC invocations=126 (full 24):
 garbage-first heap   total 122880K, used 47252K [0x00000000c9e00000, 0x0000000100000000)
  region size 1024K, 4 young (4096K), 4 survivors (4096K)
 Metaspace       used 90315K, committed 91392K, reserved 1179648K
  class space    used 12678K, committed 13184K, reserved 1048576K
}
Event: 41268.789 GC heap before
{Heap before GC invocations=126 (full 24):
 garbage-first heap   total 122880K, used 86164K [0x00000000c9e00000, 0x0000000100000000)
  region size 1024K, 42 young (43008K), 4 survivors (4096K)
 Metaspace       used 90379K, committed 91456K, reserved 1179648K
  class space    used 12688K, committed 13184K, reserved 1048576K
}
Event: 41268.811 GC heap after
{Heap after GC invocations=127 (full 24):
 garbage-first heap   total 122880K, used 47075K [0x00000000c9e00000, 0x0000000100000000)
  region size 1024K, 4 young (4096K), 4 survivors (4096K)
 Metaspace       used 90379K, committed 91456K, reserved 1179648K
  class space    used 12688K, committed 13184K, reserved 1048576K
}
Event: 41405.748 GC heap before
{Heap before GC invocations=127 (full 24):
 garbage-first heap   total 122880K, used 99299K [0x00000000c9e00000, 0x0000000100000000)
  region size 1024K, 54 young (55296K), 4 survivors (4096K)
 Metaspace       used 90443K, committed 91520K, reserved 1179648K
  class space    used 12695K, committed 13184K, reserved 1048576K
}
Event: 41405.916 GC heap after
{Heap after GC invocations=128 (full 24):
 garbage-first heap   total 122880K, used 47390K [0x00000000c9e00000, 0x0000000100000000)
  region size 1024K, 4 young (4096K), 4 survivors (4096K)
 Metaspace       used 90443K, committed 91520K, reserved 1179648K
  class space    used 12695K, committed 13184K, reserved 1048576K
}
Event: 41710.019 GC heap before
{Heap before GC invocations=128 (full 24):
 garbage-first heap   total 122880K, used 99614K [0x00000000c9e00000, 0x0000000100000000)
  region size 1024K, 55 young (56320K), 4 survivors (4096K)
 Metaspace       used 90443K, committed 91520K, reserved 1179648K
  class space    used 12695K, committed 13184K, reserved 1048576K
}
Event: 41710.131 GC heap after
{Heap after GC invocations=129 (full 24):
 garbage-first heap   total 122880K, used 46363K [0x00000000c9e00000, 0x0000000100000000)
  region size 1024K, 3 young (3072K), 3 survivors (3072K)
 Metaspace       used 90443K, committed 91520K, reserved 1179648K
  class space    used 12695K, committed 13184K, reserved 1048576K
}
Event: 41869.264 GC heap before
{Heap before GC invocations=129 (full 24):
 garbage-first heap   total 122880K, used 101659K [0x00000000c9e00000, 0x0000000100000000)
  region size 1024K, 57 young (58368K), 3 survivors (3072K)
 Metaspace       used 90470K, committed 91584K, reserved 1179648K
  class space    used 12699K, committed 13184K, reserved 1048576K
}
Event: 41869.305 GC heap after
{Heap after GC invocations=130 (full 24):
 garbage-first heap   total 122880K, used 46435K [0x00000000c9e00000, 0x0000000100000000)
  region size 1024K, 3 young (3072K), 3 survivors (3072K)
 Metaspace       used 90470K, committed 91584K, reserved 1179648K
  class space    used 12699K, committed 13184K, reserved 1048576K
}
Event: 41947.699 GC heap before
{Heap before GC invocations=130 (full 24):
 garbage-first heap   total 122880K, used 102755K [0x00000000c9e00000, 0x0000000100000000)
  region size 1024K, 57 young (58368K), 3 survivors (3072K)
 Metaspace       used 90564K, committed 91712K, reserved 1179648K
  class space    used 12710K, committed 13248K, reserved 1048576K
}
Event: 41947.835 GC heap after
{Heap after GC invocations=131 (full 24):
 garbage-first heap   total 122880K, used 46744K [0x00000000c9e00000, 0x0000000100000000)
  region size 1024K, 3 young (3072K), 3 survivors (3072K)
 Metaspace       used 90564K, committed 91712K, reserved 1179648K
  class space    used 12710K, committed 13248K, reserved 1048576K
}
Event: 41958.097 GC heap before
{Heap before GC invocations=131 (full 24):
 garbage-first heap   total 122880K, used 102040K [0x00000000c9e00000, 0x0000000100000000)
  region size 1024K, 57 young (58368K), 3 survivors (3072K)
 Metaspace       used 90670K, committed 91840K, reserved 1179648K
  class space    used 12727K, committed 13248K, reserved 1048576K
}
Event: 41958.117 GC heap after
{Heap after GC invocations=132 (full 24):
 garbage-first heap   total 122880K, used 47768K [0x00000000c9e00000, 0x0000000100000000)
  region size 1024K, 4 young (4096K), 4 survivors (4096K)
 Metaspace       used 90670K, committed 91840K, reserved 1179648K
  class space    used 12727K, committed 13248K, reserved 1048576K
}

